<?xml version="1.0" encoding="UTF-8"?>
<!-- Generated by org.testng.reporters.JUnitReportReporter -->
<testsuite name="Selenium.java.testng.FirstTestNG" tests="2" time="9.389" ignored="0" failures="0" timestamp="19 Feb 2020 02:17:38 GMT" skipped="0" hostname="DESKTOP-CC0N1V3" errors="0">
  <testcase name="MySecondTestcase" time="0.002" classname="Selenium.java.testng.FirstTestNG"/>
  <testcase name="MyFirstTestcase" time="9.387" classname="Selenium.java.testng.FirstTestNG"/>
</testsuite> <!-- Selenium.java.testng.FirstTestNG -->
